F:\WORKSPACE\WINDOWS_DISPATCH_FRAME\WDF\DEBUG\WDF.PCH
F:\WORKSPACE\WINDOWS_DISPATCH_FRAME\WDF\DEBUG\STDAFX.OBJ
F:\WORKSPACE\WINDOWS_DISPATCH_FRAME\WDF\DEBUG\VC110.PDB
F:\WORKSPACE\WINDOWS_DISPATCH_FRAME\WDF\DEBUG\CTHREAD.OBJ
F:\WORKSPACE\WINDOWS_DISPATCH_FRAME\WDF\DEBUG\DISPATCHTHREAD.OBJ
F:\WORKSPACE\WINDOWS_DISPATCH_FRAME\WDF\DEBUG\DTMESSAGE.OBJ
F:\WORKSPACE\WINDOWS_DISPATCH_FRAME\WDF\DEBUG\READERWRITERLOCK.OBJ
F:\WORKSPACE\WINDOWS_DISPATCH_FRAME\WDF\DEBUG\SOCKET.OBJ
F:\WORKSPACE\WINDOWS_DISPATCH_FRAME\WDF\DEBUG\THREADMANAGE.OBJ
F:\WORKSPACE\WINDOWS_DISPATCH_FRAME\WDF\DEBUG\WDF.OBJ
F:\WORKSPACE\WINDOWS_DISPATCH_FRAME\WDF\DEBUG\DLLMAIN.OBJ
F:\WORKSPACE\WINDOWS_DISPATCH_FRAME\LIB\DEBUG\WDF.ILK
F:\WORKSPACE\WINDOWS_DISPATCH_FRAME\LIB\DEBUG\WDF.DLL
F:\WORKSPACE\WINDOWS_DISPATCH_FRAME\LIB\DEBUG\WDF.PDB
F:\workspace\windows_dispatch_frame\lib\Debug\wdf.lib
F:\workspace\windows_dispatch_frame\lib\Debug\wdf.exp
F:\workspace\windows_dispatch_frame\wdf\Debug\CTHREAD.obj
F:\workspace\windows_dispatch_frame\wdf\Debug\DispatchThread.obj
F:\workspace\windows_dispatch_frame\wdf\Debug\dllmain.obj
F:\workspace\windows_dispatch_frame\wdf\Debug\DTMessage.obj
F:\workspace\windows_dispatch_frame\wdf\Debug\ReaderWriterLock.obj
F:\workspace\windows_dispatch_frame\wdf\Debug\socket.obj
F:\workspace\windows_dispatch_frame\wdf\Debug\stdafx.obj
F:\workspace\windows_dispatch_frame\wdf\Debug\ThreadManage.obj
F:\workspace\windows_dispatch_frame\wdf\Debug\wdf.obj
F:\workspace\windows_dispatch_frame\wdf\Debug\cl.command.1.tlog
F:\workspace\windows_dispatch_frame\wdf\Debug\CL.read.1.tlog
F:\workspace\windows_dispatch_frame\wdf\Debug\CL.write.1.tlog
F:\workspace\windows_dispatch_frame\wdf\Debug\link-cvtres.read.1.tlog
F:\workspace\windows_dispatch_frame\wdf\Debug\link-cvtres.write.1.tlog
F:\workspace\windows_dispatch_frame\wdf\Debug\link-rc.read.1.tlog
F:\workspace\windows_dispatch_frame\wdf\Debug\link-rc.write.1.tlog
F:\workspace\windows_dispatch_frame\wdf\Debug\link.command.1.tlog
F:\workspace\windows_dispatch_frame\wdf\Debug\link.read.1.tlog
F:\workspace\windows_dispatch_frame\wdf\Debug\link.write.1.tlog
F:\workspace\windows_dispatch_frame\wdf\Debug\wdf.write.1.tlog
F:\workspace\windows_dispatch_frame\wdf\Debug\wdf.pch
F:\workspace\windows_dispatch_frame\wdf\Debug\vc110.idb
F:\workspace\windows_dispatch_frame\wdf\Debug\vc110.pdb
F:\workspace\windows_dispatch_frame\lib\Debug\wdf.pdb
F:\workspace\windows_dispatch_frame\lib\Debug\wdf.dll
F:\workspace\windows_dispatch_frame\lib\Debug\wdf.ilk
